<?xml version="1.0" encoding="UTF-8"?>
<!-- Generated by org.testng.reporters.JUnitReportReporter -->
<testsuite hostname="Ligoore" name="rrs.RaceResultsServiceTest" tests="5" failures="0" timestamp="3 Dec 2014 12:02:04 GMT" time="0.125" errors="0">
  <testcase name="messageShouldBeSendToAllSubscribedClients" time="0.016" classname="rrs.RaceResultsServiceTest"/>
  <testcase name="subscribedClientShouldReceiveMessage" time="0.000" classname="rrs.RaceResultsServiceTest"/>
  <testcase name="shouldSendOnlyOneMessageToMultiSubscriber" time="0.000" classname="rrs.RaceResultsServiceTest"/>
  <testcase name="unsubscribedClientShouldNotReceiveMessages" time="0.109" classname="rrs.RaceResultsServiceTest"/>
  <testcase name="notSubscribedClientShouldNotReceiveMessage" time="0.000" classname="rrs.RaceResultsServiceTest"/>
</testsuite> <!-- rrs.RaceResultsServiceTest -->
